<?xml version="1.0" encoding="UTF-8"?>
<!-- Generated by org.testng.reporters.JUnitXMLReporter -->
<testsuite hostname="DESKTOP-GT870P1" name="Default test" tests="4" failures="0" timestamp="25 May 2021 17:23:50 GMT" time="22.497" errors="0">
  <testcase name="addition" time="0.493" classname="com.calculator.testng.maven.calculator.tng.Calculator"/>
  <testcase name="division" time="0.188" classname="com.calculator.testng.maven.calculator.tng.Calculator"/>
  <testcase name="multiplication" time="0.184" classname="com.calculator.testng.maven.calculator.tng.Calculator"/>
  <testcase name="subtraction" time="0.411" classname="com.calculator.testng.maven.calculator.tng.Calculator"/>
</testsuite> <!-- Default test -->
