<?xml version="1.0" encoding="UTF-8"?>
<testng-results skipped="0" failed="0" total="4" passed="4">
  <reporter-output>
  </reporter-output>
  <suite name="Default suite" duration-ms="22497" started-at="2021-05-25T17:23:27Z" finished-at="2021-05-25T17:23:50Z">
    <groups>
    </groups>
    <test name="Default test" duration-ms="22497" started-at="2021-05-25T17:23:27Z" finished-at="2021-05-25T17:23:50Z">
      <class name="com.calculator.testng.maven.calculator.tng.Calculator">
        <test-method status="PASS" signature="launchBrowser()[pri:0, instance:com.calculator.testng.maven.calculator.tng.Calculator@34340fab]" name="launchBrowser" is-config="true" duration-ms="20097" started-at="2021-05-25T22:53:27Z" finished-at="2021-05-25T22:53:47Z">
          <reporter-output>
          </reporter-output>
        </test-method> <!-- launchBrowser -->
        <test-method status="PASS" signature="addition()[pri:0, instance:com.calculator.testng.maven.calculator.tng.Calculator@34340fab]" name="addition" duration-ms="493" started-at="2021-05-25T22:53:47Z" finished-at="2021-05-25T22:53:48Z">
          <reporter-output>
          </reporter-output>
        </test-method> <!-- addition -->
        <test-method status="PASS" signature="division()[pri:0, instance:com.calculator.testng.maven.calculator.tng.Calculator@34340fab]" name="division" duration-ms="188" started-at="2021-05-25T22:53:48Z" finished-at="2021-05-25T22:53:48Z">
          <reporter-output>
          </reporter-output>
        </test-method> <!-- division -->
        <test-method status="PASS" signature="multiplication()[pri:0, instance:com.calculator.testng.maven.calculator.tng.Calculator@34340fab]" name="multiplication" duration-ms="184" started-at="2021-05-25T22:53:48Z" finished-at="2021-05-25T22:53:48Z">
          <reporter-output>
          </reporter-output>
        </test-method> <!-- multiplication -->
        <test-method status="PASS" signature="subtraction()[pri:0, instance:com.calculator.testng.maven.calculator.tng.Calculator@34340fab]" name="subtraction" duration-ms="411" started-at="2021-05-25T22:53:48Z" finished-at="2021-05-25T22:53:49Z">
          <reporter-output>
          </reporter-output>
        </test-method> <!-- subtraction -->
        <test-method status="PASS" signature="closeBrowser()[pri:0, instance:com.calculator.testng.maven.calculator.tng.Calculator@34340fab]" name="closeBrowser" is-config="true" duration-ms="1094" started-at="2021-05-25T22:53:49Z" finished-at="2021-05-25T22:53:50Z">
          <reporter-output>
          </reporter-output>
        </test-method> <!-- closeBrowser -->
      </class> <!-- com.calculator.testng.maven.calculator.tng.Calculator -->
    </test> <!-- Default test -->
  </suite> <!-- Default suite -->
</testng-results>
